<?xml version="1.0" encoding="UTF-8"?>
<!-- Generated by org.testng.reporters.JUnitReportReporter -->
<testsuite hostname="GS-2983" name="testcases.SampleTest"
	tests="1" failures="0" timestamp="25 Jan 2017 09:19:58 GMT"
	time="0.019" errors="0">
	<testcase name="run" time="0.019"
		classname="testcases.SampleTest" />
</testsuite> <!-- testcases.SampleTest -->
