<?xml version="1.0" encoding="UTF-8"?>
<!-- Generated by org.testng.reporters.JUnitReportReporter -->
<testsuite hostname="GS-2983"
	name="com.financialplanner.main.RunDemoTest" tests="1" failures="0"
	timestamp="12 Apr 2017 13:20:27 GMT" time="95.294" errors="0">
	<testcase name="main" time="95.294"
		classname="com.financialplanner.main.RunDemoTest" />
</testsuite> <!-- com.financialplanner.main.RunDemoTest -->
