<?xml version="1.0" encoding="UTF-8"?>
<!-- Generated by org.testng.reporters.JUnitReportReporter -->
<testsuite hostname="GS-2983" name="testcases.ReportsTest"
	tests="1" failures="0" timestamp="4 Sep 2018 12:24:04 GMT"
	time="18.446" errors="0">
	<testcase name="advanceAnalyticsReportTest" time="18.446"
		classname="testcases.ReportsTest" />
</testsuite> <!-- testcases.ReportsTest -->
