<?xml version="1.0" encoding="UTF-8"?>
<!-- Generated by org.testng.reporters.JUnitReportReporter -->
<testsuite hostname="GS-2983" name="LoginTest" tests="14"
	failures="0" timestamp="19 Jan 2017 09:08:24 GMT" time="33.246"
	errors="0">
	<testcase name="loginScenariosTest" time="2.535"
		classname="LoginTest" />
	<testcase name="loginScenariosTest" time="1.861"
		classname="LoginTest" />
	<testcase name="loginScenariosTest" time="1.444"
		classname="LoginTest" />
	<testcase name="loginScenariosTest" time="2.455"
		classname="LoginTest" />
	<testcase name="loginScenariosTest" time="2.278"
		classname="LoginTest" />
	<testcase name="loginScenariosTest" time="2.665"
		classname="LoginTest" />
	<testcase name="loginScenariosTest" time="1.200"
		classname="LoginTest" />
	<testcase name="loginScenariosTest" time="1.586"
		classname="LoginTest" />
	<testcase name="loginScenariosTest" time="1.706"
		classname="LoginTest" />
	<testcase name="loginScenariosTest" time="1.782"
		classname="LoginTest" />
	<testcase name="loginScenariosTest" time="1.806"
		classname="LoginTest" />
	<testcase name="loginScenariosTest" time="8.786"
		classname="LoginTest" />
	<testcase name="loginScenariosTest" time="1.936"
		classname="LoginTest" />
	<testcase name="loginScenariosTest" time="1.206"
		classname="LoginTest" />
</testsuite> <!-- LoginTest -->
