<?xml version="1.0" encoding="UTF-8"?>
<!-- Generated by org.testng.reporters.JUnitReportReporter -->
<testsuite hostname="GS-2983"
	name="testcases.RecommendedPlansTest" tests="4" failures="0"
	timestamp="13 Feb 2018 07:11:32 GMT" time="89.506" errors="0">
	<testcase name="recommendedPlansPagePopupTest" time="18.611"
		classname="testcases.RecommendedPlansTest" />
	<testcase name="projectEnrollOptionsTest" time="26.765"
		classname="testcases.RecommendedPlansTest" />
	<testcase name="informationLinkTest" time="0.967"
		classname="testcases.RecommendedPlansTest" />
	<testcase name="planOptionsTest" time="43.163"
		classname="testcases.RecommendedPlansTest" />
</testsuite> <!-- testcases.RecommendedPlansTest -->
