<?xml version="1.0" encoding="UTF-8"?>
<!-- Generated by org.testng.reporters.JUnitReportReporter -->
<testsuite hostname="GS-2983" name="common.TestData" tests="1"
	failures="0" timestamp="14 Dec 2016 14:10:10 GMT" time="2.075"
	errors="0">
	<testcase name="readAllExcel" time="2.075"
		classname="common.TestData" />
</testsuite> <!-- common.TestData -->
